Determining if the pthread_create exist failed with the following output:
Change Dir: /home/aitor/ros/ROS-TheConstruct-Courses/urdf_for_robot_modelling_ws/build/catkin_tools_prebuild/CMakeFiles/CMakeTmp

Run Build Command:"/usr/bin/make" "cmTC_f4c5e/fast"
/usr/bin/make -f CMakeFiles/cmTC_f4c5e.dir/build.make CMakeFiles/cmTC_f4c5e.dir/build
make[1]: Entering directory '/home/aitor/ros/ROS-TheConstruct-Courses/urdf_for_robot_modelling_ws/build/catkin_tools_prebuild/CMakeFiles/CMakeTmp'
Building C object CMakeFiles/cmTC_f4c5e.dir/CheckSymbolExists.c.o
/usr/bin/cc    -o CMakeFiles/cmTC_f4c5e.dir/CheckSymbolExists.c.o   -c /home/aitor/ros/ROS-TheConstruct-Courses/urdf_for_robot_modelling_ws/build/catkin_tools_prebuild/CMakeFiles/CMakeTmp/CheckSymbolExists.c
Linking C executable cmTC_f4c5e
/usr/bin/cmake -E cmake_link_script CMakeFiles/cmTC_f4c5e.dir/link.txt --verbose=1
/usr/bin/cc      -rdynamic CMakeFiles/cmTC_f4c5e.dir/CheckSymbolExists.c.o  -o cmTC_f4c5e 
CMakeFiles/cmTC_f4c5e.dir/CheckSymbolExists.c.o: In function `main':
CheckSymbolExists.c:(.text+0x1b): undefined reference to `pthread_create'
collect2: error: ld returned 1 exit status
CMakeFiles/cmTC_f4c5e.dir/build.make:97: recipe for target 'cmTC_f4c5e' failed
make[1]: *** [cmTC_f4c5e] Error 1
make[1]: Leaving directory '/home/aitor/ros/ROS-TheConstruct-Courses/urdf_for_robot_modelling_ws/build/catkin_tools_prebuild/CMakeFiles/CMakeTmp'
Makefile:126: recipe for target 'cmTC_f4c5e/fast' failed
make: *** [cmTC_f4c5e/fast] Error 2

File /home/aitor/ros/ROS-TheConstruct-Courses/urdf_for_robot_modelling_ws/build/catkin_tools_prebuild/CMakeFiles/CMakeTmp/CheckSymbolExists.c:
/* */
#include <pthread.h>

int main(int argc, char** argv)
{
  (void)argv;
#ifndef pthread_create
  return ((int*)(&pthread_create))[argc];
#else
  (void)argc;
  return 0;
#endif
}

Determining if the function pthread_create exists in the pthreads failed with the following output:
Change Dir: /home/aitor/ros/ROS-TheConstruct-Courses/urdf_for_robot_modelling_ws/build/catkin_tools_prebuild/CMakeFiles/CMakeTmp

Run Build Command:"/usr/bin/make" "cmTC_6a5bf/fast"
/usr/bin/make -f CMakeFiles/cmTC_6a5bf.dir/build.make CMakeFiles/cmTC_6a5bf.dir/build
make[1]: Entering directory '/home/aitor/ros/ROS-TheConstruct-Courses/urdf_for_robot_modelling_ws/build/catkin_tools_prebuild/CMakeFiles/CMakeTmp'
Building C object CMakeFiles/cmTC_6a5bf.dir/CheckFunctionExists.c.o
/usr/bin/cc   -DCHECK_FUNCTION_EXISTS=pthread_create   -o CMakeFiles/cmTC_6a5bf.dir/CheckFunctionExists.c.o   -c /usr/share/cmake-3.10/Modules/CheckFunctionExists.c
Linking C executable cmTC_6a5bf
/usr/bin/cmake -E cmake_link_script CMakeFiles/cmTC_6a5bf.dir/link.txt --verbose=1
/usr/bin/cc  -DCHECK_FUNCTION_EXISTS=pthread_create    -rdynamic CMakeFiles/cmTC_6a5bf.dir/CheckFunctionExists.c.o  -o cmTC_6a5bf -lpthreads 
/usr/bin/ld: cannot find -lpthreads
collect2: error: ld returned 1 exit status
CMakeFiles/cmTC_6a5bf.dir/build.make:97: recipe for target 'cmTC_6a5bf' failed
make[1]: *** [cmTC_6a5bf] Error 1
make[1]: Leaving directory '/home/aitor/ros/ROS-TheConstruct-Courses/urdf_for_robot_modelling_ws/build/catkin_tools_prebuild/CMakeFiles/CMakeTmp'
Makefile:126: recipe for target 'cmTC_6a5bf/fast' failed
make: *** [cmTC_6a5bf/fast] Error 2


